<?xml version="1.0" encoding="UTF-8" ?>
<testsuite tests="12" failures="9" name="TestSuite" time="0.113" errors="0" skipped="0">
  <properties>
    <property name="java.runtime.name" value="Java(TM) SE Runtime Environment"/>
    <property name="sun.boot.library.path" value="C:\Program Files\Java\jdk1.8.0_131\jre\bin"/>
    <property name="java.vm.version" value="25.131-b11"/>
    <property name="java.vm.vendor" value="Oracle Corporation"/>
    <property name="maven.multiModuleProjectDirectory" value="C:\Users\nachiketatripathi\workspace\assignment-resource-io-master"/>
    <property name="java.vendor.url" value="http://java.oracle.com/"/>
    <property name="path.separator" value=";"/>
    <property name="guice.disable.misplaced.annotation.check" value="true"/>
    <property name="java.vm.name" value="Java HotSpot(TM) 64-Bit Server VM"/>
    <property name="file.encoding.pkg" value="sun.io"/>
    <property name="user.script" value=""/>
    <property name="user.country" value="IN"/>
    <property name="sun.java.launcher" value="SUN_STANDARD"/>
    <property name="sun.os.patch.level" value=""/>
    <property name="java.vm.specification.name" value="Java Virtual Machine Specification"/>
    <property name="user.dir" value="C:\Users\nachiketatripathi\workspace\assignment-resource-io-master"/>
    <property name="java.runtime.version" value="1.8.0_131-b11"/>
    <property name="java.awt.graphicsenv" value="sun.awt.Win32GraphicsEnvironment"/>
    <property name="java.endorsed.dirs" value="C:\Program Files\Java\jdk1.8.0_131\jre\lib\endorsed"/>
    <property name="os.arch" value="amd64"/>
    <property name="java.io.tmpdir" value="C:\Users\NACHIK~1\AppData\Local\Temp\"/>
    <property name="line.separator" value="
"/>
    <property name="java.vm.specification.vendor" value="Oracle Corporation"/>
    <property name="user.variant" value=""/>
    <property name="os.name" value="Windows 10"/>
    <property name="classworlds.conf" value="C:\Users\nachiketatripathi\workspace\.metadata\.plugins\org.eclipse.m2e.launching\launches\m2conf6137934030998062601.tmp"/>
    <property name="sun.jnu.encoding" value="Cp1252"/>
    <property name="java.library.path" value="C:\Program Files\Java\jdk1.8.0_131\bin;C:\Windows\Sun\Java\bin;C:\Windows\system32;C:\Windows;C:/Program Files/Java/jdk1.8.0_131/bin/../jre/bin/server;C:/Program Files/Java/jdk1.8.0_131/bin/../jre/bin;C:/Program Files/Java/jdk1.8.0_131/bin/../jre/lib/amd64;C:\ProgramData\Oracle\Java\javapath;C:\Windows\system32;C:\Windows;C:\Windows\System32\Wbem;C:\Windows\System32\WindowsPowerShell\v1.0\;C:\Program Files (x86)\Skype\Phone\;C:\Program Files\Java\jdk1.8.0_131\bin;D:\Softwares\apache-maven-3.5.0-bin\apache-maven-3.5.0\bin;C:\ProgramData\Oracle\Java\javapath;C:\Windows\system32;C:\Windows;C:\Windows\System32\Wbem;C:\Windows\System32\WindowsPowerShell\v1.0\;C:\Program Files (x86)\Skype\Phone\;C:\Program Files\Java\jdk1.8.0_131\bin;D:\Softwares\apache-maven-3.5.0-bin\apache-maven-3.5.0\bin;C:\Users\nachiketatripathi\AppData\Local\Programs\Git\cmd;D:\Softwares\eclipse-jee-neon-3-win32-x86_64\eclipse;;."/>
    <property name="java.specification.name" value="Java Platform API Specification"/>
    <property name="java.class.version" value="52.0"/>
    <property name="sun.management.compiler" value="HotSpot 64-Bit Tiered Compilers"/>
    <property name="os.version" value="10.0"/>
    <property name="user.home" value="C:\Users\nachiketatripathi"/>
    <property name="user.timezone" value="Asia/Calcutta"/>
    <property name="java.awt.printerjob" value="sun.awt.windows.WPrinterJob"/>
    <property name="java.specification.version" value="1.8"/>
    <property name="file.encoding" value="Cp1252"/>
    <property name="user.name" value="nachiketatripathi"/>
    <property name="java.class.path" value="/D:/Softwares/eclipse-jee-neon-3-win32-x86_64/eclipse/plugins/org.eclipse.m2e.maven.runtime_1.7.0.20160603-1931/jars/plexus-classworlds-2.5.2.jar"/>
    <property name="java.vm.specification.version" value="1.8"/>
    <property name="sun.arch.data.model" value="64"/>
    <property name="java.home" value="C:\Program Files\Java\jdk1.8.0_131\jre"/>
    <property name="sun.java.command" value="org.codehaus.plexus.classworlds.launcher.Launcher -B test"/>
    <property name="java.specification.vendor" value="Oracle Corporation"/>
    <property name="user.language" value="en"/>
    <property name="awt.toolkit" value="sun.awt.windows.WToolkit"/>
    <property name="java.vm.info" value="mixed mode"/>
    <property name="java.version" value="1.8.0_131"/>
    <property name="java.ext.dirs" value="C:\Program Files\Java\jdk1.8.0_131\jre\lib\ext;C:\Windows\Sun\Java\lib\ext"/>
    <property name="sun.boot.class.path" value="C:\Program Files\Java\jdk1.8.0_131\jre\lib\resources.jar;C:\Program Files\Java\jdk1.8.0_131\jre\lib\rt.jar;C:\Program Files\Java\jdk1.8.0_131\jre\lib\sunrsasign.jar;C:\Program Files\Java\jdk1.8.0_131\jre\lib\jsse.jar;C:\Program Files\Java\jdk1.8.0_131\jre\lib\jce.jar;C:\Program Files\Java\jdk1.8.0_131\jre\lib\charsets.jar;C:\Program Files\Java\jdk1.8.0_131\jre\lib\jfr.jar;C:\Program Files\Java\jdk1.8.0_131\jre\classes"/>
    <property name="java.vendor" value="Oracle Corporation"/>
    <property name="maven.home" value="C:\Users\nachiketatripathi\workspace\assignment-resource-io-master\EMBEDDED"/>
    <property name="file.separator" value="\"/>
    <property name="java.vendor.url.bug" value="http://bugreport.sun.com/bugreport/"/>
    <property name="sun.cpu.endian" value="little"/>
    <property name="sun.io.unicode.encoding" value="UnicodeLittle"/>
    <property name="sun.desktop" value="windows"/>
    <property name="sun.cpu.isalist" value="amd64"/>
  </properties>
  <testcase classname="com.qainfotech.tap.training.resourceio.PropertiesOptionsIOTest" name="addOptionShouldMethodShouldAppendPropertiesFileWithNewProperty" time="0.09"/>
  <testcase classname="com.qainfotech.tap.training.resourceio.PropertiesOptionsIOTest" name="getOptionValueMethodShouldReturnOptionValuesFromPropertiesFile" time="0.009">
    <failure message="expected:&lt;...pertiesOptionsIOTest[]&quot;&gt; but was:&lt;...pertiesOptionsIOTest[#Thu Jun 22 12:47:56 IST 2017]&quot;&gt;" type="org.junit.ComparisonFailure">org.junit.ComparisonFailure: expected:&lt;...pertiesOptionsIOTest[]&quot;&gt; but was:&lt;...pertiesOptionsIOTest[#Thu Jun 22 12:47:56 IST 2017]&quot;&gt;
	at sun.reflect.NativeConstructorAccessorImpl.newInstance0(Native Method)
	at sun.reflect.NativeConstructorAccessorImpl.newInstance(NativeConstructorAccessorImpl.java:62)
	at sun.reflect.DelegatingConstructorAccessorImpl.newInstance(DelegatingConstructorAccessorImpl.java:45)
	at com.qainfotech.tap.training.resourceio.PropertiesOptionsIOTest.getOptionValueMethodShouldReturnOptionValuesFromPropertiesFile(PropertiesOptionsIOTest.java:29)
</failure>
  </testcase>
  <testcase classname="com.qainfotech.tap.training.resourceio.TeamsJsonReaderTest" name="Team_getActiveMembers_should_return_a_list_of_team_members_that_are_active" time="0.004">
    <failure message="Not implemented." type="java.lang.UnsupportedOperationException">java.lang.UnsupportedOperationException: Not implemented.
	at com.qainfotech.tap.training.resourceio.model.Individual.&lt;init&gt;(Individual.java:16)
	at com.qainfotech.tap.training.resourceio.TeamsJsonReader.getListOfIndividuals(TeamsJsonReader.java:70)
	at com.qainfotech.tap.training.resourceio.TeamsJsonReader.getListOfTeams(TeamsJsonReader.java:266)
	at com.qainfotech.tap.training.resourceio.TeamsJsonReaderTest.Team_getActiveMembers_should_return_a_list_of_team_members_that_are_active(TeamsJsonReaderTest.java:106)
</failure>
  </testcase>
  <testcase classname="com.qainfotech.tap.training.resourceio.TeamsJsonReaderTest" name="Team_getInactiveMembers_should_return_a_list_of_individual_team_members_that_are_inactive" time="0.002">
    <failure message="Not implemented." type="java.lang.UnsupportedOperationException">java.lang.UnsupportedOperationException: Not implemented.
	at com.qainfotech.tap.training.resourceio.model.Individual.&lt;init&gt;(Individual.java:16)
	at com.qainfotech.tap.training.resourceio.TeamsJsonReader.getListOfIndividuals(TeamsJsonReader.java:70)
	at com.qainfotech.tap.training.resourceio.TeamsJsonReader.getListOfTeams(TeamsJsonReader.java:266)
	at com.qainfotech.tap.training.resourceio.TeamsJsonReaderTest.Team_getInactiveMembers_should_return_a_list_of_individual_team_members_that_are_inactive(TeamsJsonReaderTest.java:114)
</failure>
  </testcase>
  <testcase classname="com.qainfotech.tap.training.resourceio.TeamsJsonReaderTest" name="getIndividualById_should_return_Individual_object_matching_id" time="0.001">
    <failure message="null Object with null=null not found" type="com.qainfotech.tap.training.resourceio.exceptions.ObjectNotFoundException">com.qainfotech.tap.training.resourceio.exceptions.ObjectNotFoundException: null Object with null=null not found
	at com.qainfotech.tap.training.resourceio.TeamsJsonReader.getIndividualById(TeamsJsonReader.java:107)
	at com.qainfotech.tap.training.resourceio.TeamsJsonReaderTest.getIndividualById_should_return_Individual_object_matching_id(TeamsJsonReaderTest.java:61)
</failure>
  </testcase>
  <testcase classname="com.qainfotech.tap.training.resourceio.TeamsJsonReaderTest" name="getIndividualById_should_throw_ObjectNotFoundException_for_incorrect_id" time="0"/>
  <testcase classname="com.qainfotech.tap.training.resourceio.TeamsJsonReaderTest" name="getIndividualByName_should_return_Individual_object_matching_name" time="0.001">
    <failure message="null Object with null=null not found" type="com.qainfotech.tap.training.resourceio.exceptions.ObjectNotFoundException">com.qainfotech.tap.training.resourceio.exceptions.ObjectNotFoundException: null Object with null=null not found
	at com.qainfotech.tap.training.resourceio.TeamsJsonReader.getIndividualByName(TeamsJsonReader.java:131)
	at com.qainfotech.tap.training.resourceio.TeamsJsonReaderTest.getIndividualByName_should_return_Individual_object_matching_name(TeamsJsonReaderTest.java:77)
</failure>
  </testcase>
  <testcase classname="com.qainfotech.tap.training.resourceio.TeamsJsonReaderTest" name="getIndividualByName_should_throw_ObjectNotFoundException_for_incorrect_name" time="0.001"/>
  <testcase classname="com.qainfotech.tap.training.resourceio.TeamsJsonReaderTest" name="getListOfActiveIndividuals_ahould_return_array_list_of_only_active_individual_objects" time="0.001">
    <failure message="Not implemented." type="java.lang.UnsupportedOperationException">java.lang.UnsupportedOperationException: Not implemented.
	at com.qainfotech.tap.training.resourceio.model.Individual.&lt;init&gt;(Individual.java:16)
	at com.qainfotech.tap.training.resourceio.TeamsJsonReader.getListOfActiveIndividuals(TeamsJsonReader.java:230)
	at com.qainfotech.tap.training.resourceio.TeamsJsonReaderTest.getListOfActiveIndividuals_ahould_return_array_list_of_only_active_individual_objects(TeamsJsonReaderTest.java:41)
</failure>
  </testcase>
  <testcase classname="com.qainfotech.tap.training.resourceio.TeamsJsonReaderTest" name="getListOfInactiveIndividuals_should_return_array_list_of_only_inactive_individual_objects" time="0.001">
    <failure message="Not implemented." type="java.lang.UnsupportedOperationException">java.lang.UnsupportedOperationException: Not implemented.
	at com.qainfotech.tap.training.resourceio.model.Individual.&lt;init&gt;(Individual.java:16)
	at com.qainfotech.tap.training.resourceio.TeamsJsonReader.getListOfInactiveIndividuals(TeamsJsonReader.java:177)
	at com.qainfotech.tap.training.resourceio.TeamsJsonReaderTest.getListOfInactiveIndividuals_should_return_array_list_of_only_inactive_individual_objects(TeamsJsonReaderTest.java:50)
</failure>
  </testcase>
  <testcase classname="com.qainfotech.tap.training.resourceio.TeamsJsonReaderTest" name="getListOfIndividuals_should_return_array_list_of_all_individual_objects" time="0.001">
    <failure message="Not implemented." type="java.lang.UnsupportedOperationException">java.lang.UnsupportedOperationException: Not implemented.
	at com.qainfotech.tap.training.resourceio.model.Individual.&lt;init&gt;(Individual.java:16)
	at com.qainfotech.tap.training.resourceio.TeamsJsonReader.getListOfIndividuals(TeamsJsonReader.java:70)
	at com.qainfotech.tap.training.resourceio.TeamsJsonReaderTest.getListOfIndividuals_should_return_array_list_of_all_individual_objects(TeamsJsonReaderTest.java:27)
</failure>
  </testcase>
  <testcase classname="com.qainfotech.tap.training.resourceio.TeamsJsonReaderTest" name="getListOfTeams_should_return_a_list_if_Team_object_from_db_json" time="0.002">
    <failure message="Not implemented." type="java.lang.UnsupportedOperationException">java.lang.UnsupportedOperationException: Not implemented.
	at com.qainfotech.tap.training.resourceio.model.Individual.&lt;init&gt;(Individual.java:16)
	at com.qainfotech.tap.training.resourceio.TeamsJsonReader.getListOfIndividuals(TeamsJsonReader.java:70)
	at com.qainfotech.tap.training.resourceio.TeamsJsonReader.getListOfTeams(TeamsJsonReader.java:266)
	at com.qainfotech.tap.training.resourceio.TeamsJsonReaderTest.getListOfTeams_should_return_a_list_if_Team_object_from_db_json(TeamsJsonReaderTest.java:91)
</failure>
  </testcase>
</testsuite>